<?xml version="1.0" encoding="UTF-8"?>
<!-- Generated by org.testng.reporters.JUnitReportReporter -->
<testsuite hostname="Parveens-MacBook-Pro.local" failures="0" tests="5" name="Test01_GET" time="8.430" errors="0" timestamp="2023-06-12T23:15:24 BST" skipped="0">
  <testcase classname="Test01_GET" name="requestToVerifyTheList" time="0.470"/>
  <system-out/>
  <testcase classname="Test01_GET" name="getRequestToTestResponseCode_differentMethod" time="0.579"/>
  <system-out/>
  <testcase classname="Test01_GET" name="requestToExtractResponsePlace" time="0.943"/>
  <system-out/>
  <testcase classname="Test01_GET" name="getRequestToTestResponseCode" time="6.196"/>
  <system-out/>
  <testcase classname="Test01_GET" name="requestToVerifyState" time="0.242"/>
  <system-out/>
</testsuite> <!-- Test01_GET -->
