<?xml version="1.0" encoding="UTF-8"?>
<!-- Generated by org.testng.reporters.JUnitReportReporter -->
<testsuite hostname="Parveens-MacBook-Pro.local" failures="0" tests="5" name="Test01_GET" time="2.821" errors="0" timestamp="2023-06-11T23:52:33 BST" skipped="0">
  <testcase classname="Test01_GET" name="getRequestToTestResponseCode" time="1.180"/>
  <system-out/>
  <testcase classname="Test01_GET" name="requestToExtractResponsePlace" time="0.808"/>
  <system-out/>
  <testcase classname="Test01_GET" name="getRequestToTestResponseCode_differentMethod" time="0.194"/>
  <system-out/>
  <testcase classname="Test01_GET" name="requestToVerifyState" time="0.243"/>
  <system-out/>
  <testcase classname="Test01_GET" name="requestToVerifyTheList" time="0.396"/>
  <system-out/>
</testsuite> <!-- Test01_GET -->
