<?xml version="1.0" encoding="UTF-8"?>
<!-- Generated by org.testng.reporters.JUnitReportReporter -->
<testsuite hostname="Parveens-MacBook-Pro.local" failures="0" tests="3" name="Test01_GET" time="2.935" errors="0" timestamp="2023-06-06T13:22:39 BST" skipped="0">
  <testcase classname="Test01_GET" name="requestToVerifyState" time="0.955"/>
  <system-out/>
  <testcase classname="Test01_GET" name="getRequestToTestResponseCode_differentMethod" time="0.273"/>
  <system-out/>
  <testcase classname="Test01_GET" name="getRequestToTestResponseCode" time="1.707"/>
  <system-out/>
</testsuite> <!-- Test01_GET -->
